{"meta": {"format": 3, "version": "7.12.0", "timestamp": "2025-12-30T12:41:38.145885", "branch_coverage": false, "show_contexts": false}, "files": {"tools/__init__.py": {"executed_lines": [6, 11, 13, 54, 55, 66, 67, 81, 87, 94], "summary": {"covered_lines": 9, "num_statements": 19, "percent_covered": 47.36842105263158, "percent_covered_display": "47", "missing_lines": 10, "excluded_lines": 0, "percent_statements_covered": 47.36842105263158, "percent_statements_covered_display": "47"}, "missing_lines": [104, 105, 108, 109, 110, 113, 116, 117, 118, 120], "excluded_lines": [], "functions": {"register_all_tools": {"executed_lines": [], "summary": {"covered_lines": 0, "num_statements": 10, "percent_covered": 0.0, "percent_covered_display": "0", "missing_lines": 10, "excluded_lines": 0, "percent_statements_covered": 0.0, "percent_statements_covered_display": "0"}, "missing_lines": [104, 105, 108, 109, 110, 113, 116, 117, 118, 120], "excluded_lines": []}, "": {"executed_lines": [6, 11, 13, 54, 55, 66, 67, 81, 87, 94], "summary": {"covered_lines": 9, "num_statements": 9, "percent_covered": 100.0, "percent_covered_display": "100", "missing_lines": 0, "excluded_lines": 0, "percent_statements_covered": 100.0, "percent_statements_covered_display": "100"}, "missing_lines": [], "excluded_lines": []}}, "classes": {"": {"executed_lines": [6, 11, 13, 54, 55, 66, 67, 81, 87, 94], "summary": {"covered_lines": 9, "num_statements": 19, "percent_covered": 47.36842105263158, "percent_covered_display": "47", "missing_lines": 10, "excluded_lines": 0, "percent_statements_covered": 47.36842105263158, "percent_statements_covered_display": "47"}, "missing_lines": [104, 105, 108, 109, 110, 113, 116, 117, 118, 120], "excluded_lines": []}}}, "tools/base.py": {"executed_lines": [6, 11, 13, 14, 16, 18, 20, 21, 24, 25, 27, 30, 31, 33, 36, 37, 42, 43, 44, 48, 49, 50, 54, 55, 56, 60, 61, 77, 90, 92], "summary": {"covered_lines": 26, "num_statements": 32, "percent_covered": 81.25, "percent_covered_display": "81", "missing_lines": 6, "excluded_lines": 0, "percent_statements_covered": 81.25, "percent_statements_covered_display": "81"}, "missing_lines": [46, 52, 58, 75, 93, 94], "excluded_lines": [], "functions": {"BaseTool.name": {"executed_lines": [], "summary": {"covered_lines": 0, "num_statements": 1, "percent_covered": 0.0, "percent_covered_display": "0", "missing_lines": 1, "excluded_lines": 0, "percent_statements_covered": 0.0, "percent_statements_covered_display": "0"}, "missing_lines": [46], "excluded_lines": []}, "BaseTool.description": {"executed_lines": [], "summary": {"covered_lines": 0, "num_statements": 1, "percent_covered": 0.0, "percent_covered_display": "0", "missing_lines": 1, "excluded_lines": 0, "percent_statements_covered": 0.0, "percent_statements_covered_display": "0"}, "missing_lines": [52], "excluded_lines": []}, "BaseTool.version": {"executed_lines": [], "summary": {"covered_lines": 0, "num_statements": 1, "percent_covered": 0.0, "percent_covered_display": "0", "missing_lines": 1, "excluded_lines": 0, "percent_statements_covered": 0.0, "percent_statements_covered_display": "0"}, "missing_lines": [58], "excluded_lines": []}, "BaseTool.execute": {"executed_lines": [], "summary": {"covered_lines": 0, "num_statements": 1, "percent_covered": 0.0, "percent_covered_display": "0", "missing_lines": 1, "excluded_lines": 0, "percent_statements_covered": 0.0, "percent_statements_covered_display": "0"}, "missing_lines": [75], "excluded_lines": []}, "BaseTool.validate_input": {"executed_lines": [90, 92], "summary": {"covered_lines": 2, "num_statements": 4, "percent_covered": 50.0, "percent_covered_display": "50", "missing_lines": 2, "excluded_lines": 0, "percent_statements_covered": 50.0, "percent_statements_covered_display": "50"}, "missing_lines": [93, 94], "excluded_lines": []}, "": {"executed_lines": [6, 11, 13, 14, 16, 18, 20, 21, 24, 25, 27, 30, 31, 33, 36, 37, 42, 43, 44, 48, 49, 50, 54, 55, 56, 60, 61, 77], "summary": {"covered_lines": 24, "num_statements": 24, "percent_covered": 100.0, "percent_covered_display": "100", "missing_lines": 0, "excluded_lines": 0, "percent_statements_covered": 100.0, "percent_statements_covered_display": "100"}, "missing_lines": [], "excluded_lines": []}}, "classes": {"ToolInput": {"executed_lines": [], "summary": {"covered_lines": 0, "num_statements": 0, "percent_covered": 100.0, "percent_covered_display": "100", "missing_lines": 0, "excluded_lines": 0, "percent_statements_covered": 100.0, "percent_statements_covered_display": "100"}, "missing_lines": [], "excluded_lines": []}, "ToolOutput": {"executed_lines": [], "summary": {"covered_lines": 0, "num_statements": 0, "percent_covered": 100.0, "percent_covered_display": "100", "missing_lines": 0, "excluded_lines": 0, "percent_statements_covered": 100.0, "percent_statements_covered_display": "100"}, "missing_lines": [], "excluded_lines": []}, "BaseTool": {"executed_lines": [90, 92], "summary": {"covered_lines": 2, "num_statements": 8, "percent_covered": 25.0, "percent_covered_display": "25", "missing_lines": 6, "excluded_lines": 0, "percent_statements_covered": 25.0, "percent_statements_covered_display": "25"}, "missing_lines": [46, 52, 58, 75, 93, 94], "excluded_lines": []}, "": {"executed_lines": [6, 11, 13, 14, 16, 18, 20, 21, 24, 25, 27, 30, 31, 33, 36, 37, 42, 43, 44, 48, 49, 50, 54, 55, 56, 60, 61, 77], "summary": {"covered_lines": 24, "num_statements": 24, "percent_covered": 100.0, "percent_covered_display": "100", "missing_lines": 0, "excluded_lines": 0, "percent_statements_covered": 100.0, "percent_statements_covered_display": "100"}, "missing_lines": [], "excluded_lines": []}}}, "tools/location/__init__.py": {"executed_lines": [6, 11, 23, 28, 33], "summary": {"covered_lines": 4, "num_statements": 4, "percent_covered": 100.0, "percent_covered_display": "100", "missing_lines": 0, "excluded_lines": 0, "percent_statements_covered": 100.0, "percent_statements_covered_display": "100"}, "missing_lines": [], "excluded_lines": [], "functions": {"": {"executed_lines": [6, 11, 23, 28, 33], "summary": {"covered_lines": 4, "num_statements": 4, "percent_covered": 100.0, "percent_covered_display": "100", "missing_lines": 0, "excluded_lines": 0, "percent_statements_covered": 100.0, "percent_statements_covered_display": "100"}, "missing_lines": [], "excluded_lines": []}}, "classes": {"": {"executed_lines": [6, 11, 23, 28, 33], "summary": {"covered_lines": 4, "num_statements": 4, "percent_covered": 100.0, "percent_covered_display": "100", "missing_lines": 0, "excluded_lines": 0, "percent_statements_covered": 100.0, "percent_statements_covered_display": "100"}, "missing_lines": [], "excluded_lines": []}}}, "tools/location/distance.py": {"executed_lines": [6, 11, 13, 15, 17, 18, 19, 21, 24, 25, 27, 28, 29, 30, 31, 32, 35, 36, 38, 39, 40, 41, 42, 45, 46, 52, 54, 55, 59, 60, 64, 65, 69, 80, 81, 86, 87, 93, 94, 100, 101, 106, 120, 121, 122, 123, 126, 127, 130, 134, 137, 139, 141, 152, 153, 154, 155, 156, 157, 161, 175, 177, 180, 188, 191, 192, 194, 202, 203], "summary": {"covered_lines": 65, "num_statements": 72, "percent_covered": 90.27777777777777, "percent_covered_display": "90", "missing_lines": 7, "excluded_lines": 0, "percent_statements_covered": 90.27777777777777, "percent_statements_covered_display": "90"}, "missing_lines": [57, 62, 67, 159, 204, 205, 206], "excluded_lines": [], "functions": {"DistanceTool.name": {"executed_lines": [], "summary": {"covered_lines": 0, "num_statements": 1, "percent_covered": 0.0, "percent_covered_display": "0", "missing_lines": 1, "excluded_lines": 0, "percent_statements_covered": 0.0, "percent_statements_covered_display": "0"}, "missing_lines": [57], "excluded_lines": []}, "DistanceTool.description": {"executed_lines": [], "summary": {"covered_lines": 0, "num_statements": 1, "percent_covered": 0.0, "percent_covered_display": "0", "missing_lines": 1, "excluded_lines": 0, "percent_statements_covered": 0.0, "percent_statements_covered_display": "0"}, "missing_lines": [62], "excluded_lines": []}, "DistanceTool.version": {"executed_lines": [], "summary": {"covered_lines": 0, "num_statements": 1, "percent_covered": 0.0, "percent_covered_display": "0", "missing_lines": 1, "excluded_lines": 0, "percent_statements_covered": 0.0, "percent_statements_covered_display": "0"}, "missing_lines": [67], "excluded_lines": []}, "DistanceTool._validate_input": {"executed_lines": [80, 81, 86, 87, 93, 94, 100, 101], "summary": {"covered_lines": 8, "num_statements": 8, "percent_covered": 100.0, "percent_covered_display": "100", "missing_lines": 0, "excluded_lines": 0, "percent_statements_covered": 100.0, "percent_statements_covered_display": "100"}, "missing_lines": [], "excluded_lines": []}, "DistanceTool._haversine_distance": {"executed_lines": [120, 121, 122, 123, 126, 127, 130, 134, 137, 139], "summary": {"covered_lines": 10, "num_statements": 10, "percent_covered": 100.0, "percent_covered_display": "100", "missing_lines": 0, "excluded_lines": 0, "percent_statements_covered": 100.0, "percent_statements_covered_display": "100"}, "missing_lines": [], "excluded_lines": []}, "DistanceTool._convert_distance": {"executed_lines": [152, 153, 154, 155, 156, 157], "summary": {"covered_lines": 6, "num_statements": 7, "percent_covered": 85.71428571428571, "percent_covered_display": "86", "missing_lines": 1, "excluded_lines": 0, "percent_statements_covered": 85.71428571428571, "percent_statements_covered_display": "86"}, "missing_lines": [159], "excluded_lines": []}, "DistanceTool.execute": {"executed_lines": [175, 177, 180, 188, 191, 192, 194, 202, 203], "summary": {"covered_lines": 9, "num_statements": 12, "percent_covered": 75.0, "percent_covered_display": "75", "missing_lines": 3, "excluded_lines": 0, "percent_statements_covered": 75.0, "percent_statements_covered_display": "75"}, "missing_lines": [204, 205, 206], "excluded_lines": []}, "": {"executed_lines": [6, 11, 13, 15, 17, 18, 19, 21, 24, 25, 27, 28, 29, 30, 31, 32, 35, 36, 38, 39, 40, 41, 42, 45, 46, 52, 54, 55, 59, 60, 64, 65, 69, 106, 141, 161], "summary": {"covered_lines": 32, "num_statements": 32, "percent_covered": 100.0, "percent_covered_display": "100", "missing_lines": 0, "excluded_lines": 0, "percent_statements_covered": 100.0, "percent_statements_covered_display": "100"}, "missing_lines": [], "excluded_lines": []}}, "classes": {"DistanceInput": {"executed_lines": [], "summary": {"covered_lines": 0, "num_statements": 0, "percent_covered": 100.0, "percent_covered_display": "100", "missing_lines": 0, "excluded_lines": 0, "percent_statements_covered": 100.0, "percent_statements_covered_display": "100"}, "missing_lines": [], "excluded_lines": []}, "DistanceOutput": {"executed_lines": [], "summary": {"covered_lines": 0, "num_statements": 0, "percent_covered": 100.0, "percent_covered_display": "100", "missing_lines": 0, "excluded_lines": 0, "percent_statements_covered": 100.0, "percent_statements_covered_display": "100"}, "missing_lines": [], "excluded_lines": []}, "DistanceTool": {"executed_lines": [80, 81, 86, 87, 93, 94, 100, 101, 120, 121, 122, 123, 126, 127, 130, 134, 137, 139, 152, 153, 154, 155, 156, 157, 175, 177, 180, 188, 191, 192, 194, 202, 203], "summary": {"covered_lines": 33, "num_statements": 40, "percent_covered": 82.5, "percent_covered_display": "82", "missing_lines": 7, "excluded_lines": 0, "percent_statements_covered": 82.5, "percent_statements_covered_display": "82"}, "missing_lines": [57, 62, 67, 159, 204, 205, 206], "excluded_lines": []}, "": {"executed_lines": [6, 11, 13, 15, 17, 18, 19, 21, 24, 25, 27, 28, 29, 30, 31, 32, 35, 36, 38, 39, 40, 41, 42, 45, 46, 52, 54, 55, 59, 60, 64, 65, 69, 106, 141, 161], "summary": {"covered_lines": 32, "num_statements": 32, "percent_covered": 100.0, "percent_covered_display": "100", "missing_lines": 0, "excluded_lines": 0, "percent_statements_covered": 100.0, "percent_statements_covered_display": "100"}, "missing_lines": [], "excluded_lines": []}}}, "tools/location/geocoding.py": {"executed_lines": [6, 11, 13, 15, 16, 18, 19, 20, 21, 23, 26, 29, 30, 32, 33, 34, 35, 36, 39, 40, 42, 43, 44, 45, 46, 47, 48, 49, 50, 51, 52, 53, 56, 57, 62, 69, 70, 72, 73, 75, 77, 78, 82, 83, 87, 98, 99, 102, 103, 106, 107, 108, 113, 124, 125, 126, 133, 134, 135, 136, 138, 139, 144, 145, 147, 148, 149, 154, 166, 167, 168, 175, 176, 177, 178, 180, 181, 186, 188, 195, 205, 206, 207, 209, 226, 240, 242, 245, 255, 256, 257, 262, 263, 265, 270, 272, 274, 275, 276, 277, 278], "summary": {"covered_lines": 97, "num_statements": 103, "percent_covered": 94.1747572815534, "percent_covered_display": "94", "missing_lines": 6, "excluded_lines": 0, "percent_statements_covered": 94.1747572815534, "percent_statements_covered_display": "94"}, "missing_lines": [80, 85, 189, 190, 258, 259], "excluded_lines": [], "functions": {"GeocodingTool.__init__": {"executed_lines": [69, 70], "summary": {"covered_lines": 2, "num_statements": 2, "percent_covered": 100.0, "percent_covered_display": "100", "missing_lines": 0, "excluded_lines": 0, "percent_statements_covered": 100.0, "percent_statements_covered_display": "100"}, "missing_lines": [], "excluded_lines": []}, "GeocodingTool.name": {"executed_lines": [75], "summary": {"covered_lines": 1, "num_statements": 1, "percent_covered": 100.0, "percent_covered_display": "100", "missing_lines": 0, "excluded_lines": 0, "percent_statements_covered": 100.0, "percent_statements_covered_display": "100"}, "missing_lines": [], "excluded_lines": []}, "GeocodingTool.description": {"executed_lines": [], "summary": {"covered_lines": 0, "num_statements": 1, "percent_covered": 0.0, "percent_covered_display": "0", "missing_lines": 1, "excluded_lines": 0, "percent_statements_covered": 0.0, "percent_statements_covered_display": "0"}, "missing_lines": [80], "excluded_lines": []}, "GeocodingTool.version": {"executed_lines": [], "summary": {"covered_lines": 0, "num_statements": 1, "percent_covered": 0.0, "percent_covered_display": "0", "missing_lines": 1, "excluded_lines": 0, "percent_statements_covered": 0.0, "percent_statements_covered_display": "0"}, "missing_lines": [85], "excluded_lines": []}, "GeocodingTool._validate_input": {"executed_lines": [98, 99, 102, 103, 106, 107, 108], "summary": {"covered_lines": 7, "num_statements": 7, "percent_covered": 100.0, "percent_covered_display": "100", "missing_lines": 0, "excluded_lines": 0, "percent_statements_covered": 100.0, "percent_statements_covered_display": "100"}, "missing_lines": [], "excluded_lines": []}, "GeocodingTool._forward_geocode": {"executed_lines": [124, 125, 126, 133, 134, 135, 136, 138, 139, 144, 145, 147, 148, 149], "summary": {"covered_lines": 14, "num_statements": 14, "percent_covered": 100.0, "percent_covered_display": "100", "missing_lines": 0, "excluded_lines": 0, "percent_statements_covered": 100.0, "percent_statements_covered_display": "100"}, "missing_lines": [], "excluded_lines": []}, "GeocodingTool._reverse_geocode": {"executed_lines": [166, 167, 168, 175, 176, 177, 178, 180, 181, 186, 188], "summary": {"covered_lines": 11, "num_statements": 13, "percent_covered": 84.61538461538461, "percent_covered_display": "85", "missing_lines": 2, "excluded_lines": 0, "percent_statements_covered": 84.61538461538461, "percent_statements_covered_display": "85"}, "missing_lines": [189, 190], "excluded_lines": []}, "GeocodingTool._parse_nominatim_result": {"executed_lines": [205, 206, 207, 209], "summary": {"covered_lines": 4, "num_statements": 4, "percent_covered": 100.0, "percent_covered_display": "100", "missing_lines": 0, "excluded_lines": 0, "percent_statements_covered": 100.0, "percent_statements_covered_display": "100"}, "missing_lines": [], "excluded_lines": []}, "GeocodingTool.execute": {"executed_lines": [240, 242, 245, 255, 256, 257, 262, 263, 265, 270, 272, 274, 275, 276, 277, 278], "summary": {"covered_lines": 16, "num_statements": 18, "percent_covered": 88.88888888888889, "percent_covered_display": "89", "missing_lines": 2, "excluded_lines": 0, "percent_statements_covered": 88.88888888888889, "percent_statements_covered_display": "89"}, "missing_lines": [258, 259], "excluded_lines": []}, "": {"executed_lines": [6, 11, 13, 15, 16, 18, 19, 20, 21, 23, 26, 29, 30, 32, 33, 34, 35, 36, 39, 40, 42, 43, 44, 45, 46, 47, 48, 49, 50, 51, 52, 53, 56, 57, 62, 72, 73, 77, 78, 82, 83, 87, 113, 154, 195, 226], "summary": {"covered_lines": 42, "num_statements": 42, "percent_covered": 100.0, "percent_covered_display": "100", "missing_lines": 0, "excluded_lines": 0, "percent_statements_covered": 100.0, "percent_statements_covered_display": "100"}, "missing_lines": [], "excluded_lines": []}}, "classes": {"GeocodingInput": {"executed_lines": [], "summary": {"covered_lines": 0, "num_statements": 0, "percent_covered": 100.0, "percent_covered_display": "100", "missing_lines": 0, "excluded_lines": 0, "percent_statements_covered": 100.0, "percent_statements_covered_display": "100"}, "missing_lines": [], "excluded_lines": []}, "GeocodingOutput": {"executed_lines": [], "summary": {"covered_lines": 0, "num_statements": 0, "percent_covered": 100.0, "percent_covered_display": "100", "missing_lines": 0, "excluded_lines": 0, "percent_statements_covered": 100.0, "percent_statements_covered_display": "100"}, "missing_lines": [], "excluded_lines": []}, "GeocodingTool": {"executed_lines": [69, 70, 75, 98, 99, 102, 103, 106, 107, 108, 124, 125, 126, 133, 134, 135, 136, 138, 139, 144, 145, 147, 148, 149, 166, 167, 168, 175, 176, 177, 178, 180, 181, 186, 188, 205, 206, 207, 209, 240, 242, 245, 255, 256, 257, 262, 263, 265, 270, 272, 274, 275, 276, 277, 278], "summary": {"covered_lines": 55, "num_statements": 61, "percent_covered": 90.1639344262295, "percent_covered_display": "90", "missing_lines": 6, "excluded_lines": 0, "percent_statements_covered": 90.1639344262295, "percent_statements_covered_display": "90"}, "missing_lines": [80, 85, 189, 190, 258, 259], "excluded_lines": []}, "": {"executed_lines": [6, 11, 13, 15, 16, 18, 19, 20, 21, 23, 26, 29, 30, 32, 33, 34, 35, 36, 39, 40, 42, 43, 44, 45, 46, 47, 48, 49, 50, 51, 52, 53, 56, 57, 62, 72, 73, 77, 78, 82, 83, 87, 113, 154, 195, 226], "summary": {"covered_lines": 42, "num_statements": 42, "percent_covered": 100.0, "percent_covered_display": "100", "missing_lines": 0, "excluded_lines": 0, "percent_statements_covered": 100.0, "percent_statements_covered_display": "100"}, "missing_lines": [], "excluded_lines": []}}}, "tools/location/ip_location.py": {"executed_lines": [6, 11, 13, 15, 16, 18, 19, 20, 21, 23, 26, 29, 30, 32, 33, 36, 37, 39, 40, 41, 42, 43, 44, 45, 46, 47, 48, 51, 52, 57, 64, 66, 67, 69, 71, 72, 76, 77, 81, 91, 92, 94, 107, 108, 109, 113, 114, 115, 116, 118, 119, 124, 137, 138, 139, 144, 158, 160, 163, 170, 171, 172, 173, 174, 177, 178, 186, 188, 190, 191, 192, 193, 194], "summary": {"covered_lines": 69, "num_statements": 72, "percent_covered": 95.83333333333333, "percent_covered_display": "96", "missing_lines": 3, "excluded_lines": 0, "percent_statements_covered": 95.83333333333333, "percent_statements_covered_display": "96"}, "missing_lines": [74, 79, 180], "excluded_lines": [], "functions": {"IPLocationTool.__init__": {"executed_lines": [64], "summary": {"covered_lines": 1, "num_statements": 1, "percent_covered": 100.0, "percent_covered_display": "100", "missing_lines": 0, "excluded_lines": 0, "percent_statements_covered": 100.0, "percent_statements_covered_display": "100"}, "missing_lines": [], "excluded_lines": []}, "IPLocationTool.name": {"executed_lines": [69], "summary": {"covered_lines": 1, "num_statements": 1, "percent_covered": 100.0, "percent_covered_display": "100", "missing_lines": 0, "excluded_lines": 0, "percent_statements_covered": 100.0, "percent_statements_covered_display": "100"}, "missing_lines": [], "excluded_lines": []}, "IPLocationTool.description": {"executed_lines": [], "summary": {"covered_lines": 0, "num_statements": 1, "percent_covered": 0.0, "percent_covered_display": "0", "missing_lines": 1, "excluded_lines": 0, "percent_statements_covered": 0.0, "percent_statements_covered_display": "0"}, "missing_lines": [74], "excluded_lines": []}, "IPLocationTool.version": {"executed_lines": [], "summary": {"covered_lines": 0, "num_statements": 1, "percent_covered": 0.0, "percent_covered_display": "0", "missing_lines": 1, "excluded_lines": 0, "percent_statements_covered": 0.0, "percent_statements_covered_display": "0"}, "missing_lines": [79], "excluded_lines": []}, "IPLocationTool._validate_input": {"executed_lines": [91, 92], "summary": {"covered_lines": 2, "num_statements": 2, "percent_covered": 100.0, "percent_covered_display": "100", "missing_lines": 0, "excluded_lines": 0, "percent_statements_covered": 100.0, "percent_statements_covered_display": "100"}, "missing_lines": [], "excluded_lines": []}, "IPLocationTool._get_location_from_ip_api": {"executed_lines": [107, 108, 109, 113, 114, 115, 116, 118, 119, 124, 137, 138, 139], "summary": {"covered_lines": 13, "num_statements": 13, "percent_covered": 100.0, "percent_covered_display": "100", "missing_lines": 0, "excluded_lines": 0, "percent_statements_covered": 100.0, "percent_statements_covered_display": "100"}, "missing_lines": [], "excluded_lines": []}, "IPLocationTool.execute": {"executed_lines": [158, 160, 163, 170, 171, 172, 173, 174, 177, 178, 186, 188, 190, 191, 192, 193, 194], "summary": {"covered_lines": 17, "num_statements": 18, "percent_covered": 94.44444444444444, "percent_covered_display": "94", "missing_lines": 1, "excluded_lines": 0, "percent_statements_covered": 94.44444444444444, "percent_statements_covered_display": "94"}, "missing_lines": [180], "excluded_lines": []}, "": {"executed_lines": [6, 11, 13, 15, 16, 18, 19, 20, 21, 23, 26, 29, 30, 32, 33, 36, 37, 39, 40, 41, 42, 43, 44, 45, 46, 47, 48, 51, 52, 57, 66, 67, 71, 72, 76, 77, 81, 94, 144], "summary": {"covered_lines": 35, "num_statements": 35, "percent_covered": 100.0, "percent_covered_display": "100", "missing_lines": 0, "excluded_lines": 0, "percent_statements_covered": 100.0, "percent_statements_covered_display": "100"}, "missing_lines": [], "excluded_lines": []}}, "classes": {"IPLocationInput": {"executed_lines": [], "summary": {"covered_lines": 0, "num_statements": 0, "percent_covered": 100.0, "percent_covered_display": "100", "missing_lines": 0, "excluded_lines": 0, "percent_statements_covered": 100.0, "percent_statements_covered_display": "100"}, "missing_lines": [], "excluded_lines": []}, "IPLocationOutput": {"executed_lines": [], "summary": {"covered_lines": 0, "num_statements": 0, "percent_covered": 100.0, "percent_covered_display": "100", "missing_lines": 0, "excluded_lines": 0, "percent_statements_covered": 100.0, "percent_statements_covered_display": "100"}, "missing_lines": [], "excluded_lines": []}, "IPLocationTool": {"executed_lines": [64, 69, 91, 92, 107, 108, 109, 113, 114, 115, 116, 118, 119, 124, 137, 138, 139, 158, 160, 163, 170, 171, 172, 173, 174, 177, 178, 186, 188, 190, 191, 192, 193, 194], "summary": {"covered_lines": 34, "num_statements": 37, "percent_covered": 91.89189189189189, "percent_covered_display": "92", "missing_lines": 3, "excluded_lines": 0, "percent_statements_covered": 91.89189189189189, "percent_statements_covered_display": "92"}, "missing_lines": [74, 79, 180], "excluded_lines": []}, "": {"executed_lines": [6, 11, 13, 15, 16, 18, 19, 20, 21, 23, 26, 29, 30, 32, 33, 36, 37, 39, 40, 41, 42, 43, 44, 45, 46, 47, 48, 51, 52, 57, 66, 67, 71, 72, 76, 77, 81, 94, 144], "summary": {"covered_lines": 35, "num_statements": 35, "percent_covered": 100.0, "percent_covered_display": "100", "missing_lines": 0, "excluded_lines": 0, "percent_statements_covered": 100.0, "percent_statements_covered_display": "100"}, "missing_lines": [], "excluded_lines": []}}}, "tools/registry.py": {"executed_lines": [6, 11, 13, 14, 16, 18, 19, 21, 24, 25, 30, 32, 33, 35, 45, 46, 47, 48, 49, 51, 61, 62, 64, 77, 78, 79, 80, 82, 89, 90, 92, 99, 100, 109, 119, 120, 121, 122, 123, 124, 126, 128, 129, 130, 134, 137, 145, 146, 147], "summary": {"covered_lines": 47, "num_statements": 47, "percent_covered": 100.0, "percent_covered_display": "100", "missing_lines": 0, "excluded_lines": 0, "percent_statements_covered": 100.0, "percent_statements_covered_display": "100"}, "missing_lines": [], "excluded_lines": [], "functions": {"ToolRegistry.__init__": {"executed_lines": [32, 33], "summary": {"covered_lines": 2, "num_statements": 2, "percent_covered": 100.0, "percent_covered_display": "100", "missing_lines": 0, "excluded_lines": 0, "percent_statements_covered": 100.0, "percent_statements_covered_display": "100"}, "missing_lines": [], "excluded_lines": []}, "ToolRegistry.register": {"executed_lines": [45, 46, 47, 48, 49], "summary": {"covered_lines": 5, "num_statements": 5, "percent_covered": 100.0, "percent_covered_display": "100", "missing_lines": 0, "excluded_lines": 0, "percent_statements_covered": 100.0, "percent_statements_covered_display": "100"}, "missing_lines": [], "excluded_lines": []}, "ToolRegistry.get_tool": {"executed_lines": [61, 62], "summary": {"covered_lines": 2, "num_statements": 2, "percent_covered": 100.0, "percent_covered_display": "100", "missing_lines": 0, "excluded_lines": 0, "percent_statements_covered": 100.0, "percent_statements_covered_display": "100"}, "missing_lines": [], "excluded_lines": []}, "ToolRegistry.get_tool_or_raise": {"executed_lines": [77, 78, 79, 80], "summary": {"covered_lines": 4, "num_statements": 4, "percent_covered": 100.0, "percent_covered_display": "100", "missing_lines": 0, "excluded_lines": 0, "percent_statements_covered": 100.0, "percent_statements_covered_display": "100"}, "missing_lines": [], "excluded_lines": []}, "ToolRegistry.list_tools": {"executed_lines": [89, 90], "summary": {"covered_lines": 2, "num_statements": 2, "percent_covered": 100.0, "percent_covered_display": "100", "missing_lines": 0, "excluded_lines": 0, "percent_statements_covered": 100.0, "percent_statements_covered_display": "100"}, "missing_lines": [], "excluded_lines": []}, "ToolRegistry.list_tools_with_info": {"executed_lines": [99, 100], "summary": {"covered_lines": 2, "num_statements": 2, "percent_covered": 100.0, "percent_covered_display": "100", "missing_lines": 0, "excluded_lines": 0, "percent_statements_covered": 100.0, "percent_statements_covered_display": "100"}, "missing_lines": [], "excluded_lines": []}, "ToolRegistry.unregister": {"executed_lines": [119, 120, 121, 122, 123, 124], "summary": {"covered_lines": 6, "num_statements": 6, "percent_covered": 100.0, "percent_covered_display": "100", "missing_lines": 0, "excluded_lines": 0, "percent_statements_covered": 100.0, "percent_statements_covered_display": "100"}, "missing_lines": [], "excluded_lines": []}, "ToolRegistry.clear": {"executed_lines": [128, 129, 130], "summary": {"covered_lines": 3, "num_statements": 3, "percent_covered": 100.0, "percent_covered_display": "100", "missing_lines": 0, "excluded_lines": 0, "percent_statements_covered": 100.0, "percent_statements_covered_display": "100"}, "missing_lines": [], "excluded_lines": []}, "get_tool_registry": {"executed_lines": [145, 146, 147], "summary": {"covered_lines": 3, "num_statements": 3, "percent_covered": 100.0, "percent_covered_display": "100", "missing_lines": 0, "excluded_lines": 0, "percent_statements_covered": 100.0, "percent_statements_covered_display": "100"}, "missing_lines": [], "excluded_lines": []}, "": {"executed_lines": [6, 11, 13, 14, 16, 18, 19, 21, 24, 25, 30, 35, 51, 64, 82, 92, 109, 126, 134, 137], "summary": {"covered_lines": 18, "num_statements": 18, "percent_covered": 100.0, "percent_covered_display": "100", "missing_lines": 0, "excluded_lines": 0, "percent_statements_covered": 100.0, "percent_statements_covered_display": "100"}, "missing_lines": [], "excluded_lines": []}}, "classes": {"ToolRegistry": {"executed_lines": [32, 33, 45, 46, 47, 48, 49, 61, 62, 77, 78, 79, 80, 89, 90, 99, 100, 119, 120, 121, 122, 123, 124, 128, 129, 130], "summary": {"covered_lines": 26, "num_statements": 26, "percent_covered": 100.0, "percent_covered_display": "100", "missing_lines": 0, "excluded_lines": 0, "percent_statements_covered": 100.0, "percent_statements_covered_display": "100"}, "missing_lines": [], "excluded_lines": []}, "": {"executed_lines": [6, 11, 13, 14, 16, 18, 19, 21, 24, 25, 30, 35, 51, 64, 82, 92, 109, 126, 134, 137, 145, 146, 147], "summary": {"covered_lines": 21, "num_statements": 21, "percent_covered": 100.0, "percent_covered_display": "100", "missing_lines": 0, "excluded_lines": 0, "percent_statements_covered": 100.0, "percent_statements_covered_display": "100"}, "missing_lines": [], "excluded_lines": []}}}, "tools/time/__init__.py": {"executed_lines": [6, 11, 26, 31, 36, 41], "summary": {"covered_lines": 5, "num_statements": 5, "percent_covered": 100.0, "percent_covered_display": "100", "missing_lines": 0, "excluded_lines": 0, "percent_statements_covered": 100.0, "percent_statements_covered_display": "100"}, "missing_lines": [], "excluded_lines": [], "functions": {"": {"executed_lines": [6, 11, 26, 31, 36, 41], "summary": {"covered_lines": 5, "num_statements": 5, "percent_covered": 100.0, "percent_covered_display": "100", "missing_lines": 0, "excluded_lines": 0, "percent_statements_covered": 100.0, "percent_statements_covered_display": "100"}, "missing_lines": [], "excluded_lines": []}}, "classes": {"": {"executed_lines": [6, 11, 26, 31, 36, 41], "summary": {"covered_lines": 5, "num_statements": 5, "percent_covered": 100.0, "percent_covered_display": "100", "missing_lines": 0, "excluded_lines": 0, "percent_statements_covered": 100.0, "percent_statements_covered_display": "100"}, "missing_lines": [], "excluded_lines": []}}}, "tools/time/calculator.py": {"executed_lines": [6, 11, 13, 14, 16, 17, 18, 20, 21, 23, 26, 27, 29, 30, 31, 32, 33, 34, 35, 38, 39, 41, 42, 43, 44, 47, 48, 53, 54, 58, 59, 63, 64, 68, 81, 82, 83, 84, 88, 99, 102, 103, 104, 106, 107, 108, 110, 112, 126, 127, 129, 131, 132, 134, 135, 138, 139, 140, 143, 144, 145, 147, 154, 156, 157, 160, 161, 164, 165, 168, 171, 180, 182, 184, 185, 188, 189, 192, 199, 208, 211, 216, 217], "summary": {"covered_lines": 79, "num_statements": 102, "percent_covered": 77.45098039215686, "percent_covered_display": "77", "missing_lines": 23, "excluded_lines": 0, "percent_statements_covered": 77.45098039215686, "percent_statements_covered_display": "77"}, "missing_lines": [56, 61, 66, 100, 172, 173, 174, 175, 176, 177, 178, 193, 196, 200, 201, 202, 203, 204, 205, 206, 218, 219, 220], "excluded_lines": [], "functions": {"DateCalculator.name": {"executed_lines": [], "summary": {"covered_lines": 0, "num_statements": 1, "percent_covered": 0.0, "percent_covered_display": "0", "missing_lines": 1, "excluded_lines": 0, "percent_statements_covered": 0.0, "percent_statements_covered_display": "0"}, "missing_lines": [56], "excluded_lines": []}, "DateCalculator.description": {"executed_lines": [], "summary": {"covered_lines": 0, "num_statements": 1, "percent_covered": 0.0, "percent_covered_display": "0", "missing_lines": 1, "excluded_lines": 0, "percent_statements_covered": 0.0, "percent_statements_covered_display": "0"}, "missing_lines": [61], "excluded_lines": []}, "DateCalculator.version": {"executed_lines": [], "summary": {"covered_lines": 0, "num_statements": 1, "percent_covered": 0.0, "percent_covered_display": "0", "missing_lines": 1, "excluded_lines": 0, "percent_statements_covered": 0.0, "percent_statements_covered_display": "0"}, "missing_lines": [66], "excluded_lines": []}, "DateCalculator._parse_date": {"executed_lines": [81, 82, 83, 84], "summary": {"covered_lines": 4, "num_statements": 4, "percent_covered": 100.0, "percent_covered_display": "100", "missing_lines": 0, "excluded_lines": 0, "percent_statements_covered": 100.0, "percent_statements_covered_display": "100"}, "missing_lines": [], "excluded_lines": []}, "DateCalculator._count_workdays": {"executed_lines": [99, 102, 103, 104, 106, 107, 108, 110], "summary": {"covered_lines": 8, "num_statements": 9, "percent_covered": 88.88888888888889, "percent_covered_display": "89", "missing_lines": 1, "excluded_lines": 0, "percent_statements_covered": 88.88888888888889, "percent_statements_covered_display": "89"}, "missing_lines": [100], "excluded_lines": []}, "DateCalculator.execute": {"executed_lines": [126, 127, 129, 131, 132, 134, 135, 138, 139, 140, 143, 144, 145, 147, 154, 156, 157, 160, 161, 164, 165, 168, 171, 180, 182, 184, 185, 188, 189, 192, 199, 208, 211, 216, 217], "summary": {"covered_lines": 35, "num_statements": 54, "percent_covered": 64.81481481481481, "percent_covered_display": "65", "missing_lines": 19, "excluded_lines": 0, "percent_statements_covered": 64.81481481481481, "percent_statements_covered_display": "65"}, "missing_lines": [172, 173, 174, 175, 176, 177, 178, 193, 196, 200, 201, 202, 203, 204, 205, 206, 218, 219, 220], "excluded_lines": []}, "": {"executed_lines": [6, 11, 13, 14, 16, 17, 18, 20, 21, 23, 26, 27, 29, 30, 31, 32, 33, 34, 35, 38, 39, 41, 42, 43, 44, 47, 48, 53, 54, 58, 59, 63, 64, 68, 88, 112], "summary": {"covered_lines": 32, "num_statements": 32, "percent_covered": 100.0, "percent_covered_display": "100", "missing_lines": 0, "excluded_lines": 0, "percent_statements_covered": 100.0, "percent_statements_covered_display": "100"}, "missing_lines": [], "excluded_lines": []}}, "classes": {"CalculateInput": {"executed_lines": [], "summary": {"covered_lines": 0, "num_statements": 0, "percent_covered": 100.0, "percent_covered_display": "100", "missing_lines": 0, "excluded_lines": 0, "percent_statements_covered": 100.0, "percent_statements_covered_display": "100"}, "missing_lines": [], "excluded_lines": []}, "CalculateOutput": {"executed_lines": [], "summary": {"covered_lines": 0, "num_statements": 0, "percent_covered": 100.0, "percent_covered_display": "100", "missing_lines": 0, "excluded_lines": 0, "percent_statements_covered": 100.0, "percent_statements_covered_display": "100"}, "missing_lines": [], "excluded_lines": []}, "DateCalculator": {"executed_lines": [81, 82, 83, 84, 99, 102, 103, 104, 106, 107, 108, 110, 126, 127, 129, 131, 132, 134, 135, 138, 139, 140, 143, 144, 145, 147, 154, 156, 157, 160, 161, 164, 165, 168, 171, 180, 182, 184, 185, 188, 189, 192, 199, 208, 211, 216, 217], "summary": {"covered_lines": 47, "num_statements": 70, "percent_covered": 67.14285714285714, "percent_covered_display": "67", "missing_lines": 23, "excluded_lines": 0, "percent_statements_covered": 67.14285714285714, "percent_statements_covered_display": "67"}, "missing_lines": [56, 61, 66, 100, 172, 173, 174, 175, 176, 177, 178, 193, 196, 200, 201, 202, 203, 204, 205, 206, 218, 219, 220], "excluded_lines": []}, "": {"executed_lines": [6, 11, 13, 14, 16, 17, 18, 20, 21, 23, 26, 27, 29, 30, 31, 32, 33, 34, 35, 38, 39, 41, 42, 43, 44, 47, 48, 53, 54, 58, 59, 63, 64, 68, 88, 112], "summary": {"covered_lines": 32, "num_statements": 32, "percent_covered": 100.0, "percent_covered_display": "100", "missing_lines": 0, "excluded_lines": 0, "percent_statements_covered": 100.0, "percent_statements_covered_display": "100"}, "missing_lines": [], "excluded_lines": []}}}, "tools/time/datetime_tool.py": {"executed_lines": [6, 12, 14, 16, 17, 19, 20, 21, 22, 24, 27, 28, 30, 31, 34, 35, 38, 39, 41, 42, 43, 44, 45, 48, 49, 54, 55, 59, 60, 64, 65, 69, 83, 84, 87, 88, 91, 94, 97, 102, 114, 121, 130, 143, 145, 146, 147, 150, 153, 154, 155, 156, 157, 158, 159, 162, 163, 164, 167, 170, 173, 174, 177, 178, 179, 180, 182], "summary": {"covered_lines": 63, "num_statements": 73, "percent_covered": 86.3013698630137, "percent_covered_display": "86", "missing_lines": 10, "excluded_lines": 0, "percent_statements_covered": 86.3013698630137, "percent_statements_covered_display": "86"}, "missing_lines": [57, 62, 67, 92, 104, 105, 112, 190, 191, 192], "excluded_lines": [], "functions": {"DateTimeTool.name": {"executed_lines": [], "summary": {"covered_lines": 0, "num_statements": 1, "percent_covered": 0.0, "percent_covered_display": "0", "missing_lines": 1, "excluded_lines": 0, "percent_statements_covered": 0.0, "percent_statements_covered_display": "0"}, "missing_lines": [57], "excluded_lines": []}, "DateTimeTool.description": {"executed_lines": [], "summary": {"covered_lines": 0, "num_statements": 1, "percent_covered": 0.0, "percent_covered_display": "0", "missing_lines": 1, "excluded_lines": 0, "percent_statements_covered": 0.0, "percent_statements_covered_display": "0"}, "missing_lines": [62], "excluded_lines": []}, "DateTimeTool.version": {"executed_lines": [], "summary": {"covered_lines": 0, "num_statements": 1, "percent_covered": 0.0, "percent_covered_display": "0", "missing_lines": 1, "excluded_lines": 0, "percent_statements_covered": 0.0, "percent_statements_covered_display": "0"}, "missing_lines": [67], "excluded_lines": []}, "DateTimeTool._get_config": {"executed_lines": [83, 84, 87, 88, 91, 94, 97, 102], "summary": {"covered_lines": 8, "num_statements": 12, "percent_covered": 66.66666666666667, "percent_covered_display": "67", "missing_lines": 4, "excluded_lines": 0, "percent_statements_covered": 66.66666666666667, "percent_statements_covered_display": "67"}, "missing_lines": [92, 104, 105, 112], "excluded_lines": []}, "DateTimeTool._get_default_config": {"executed_lines": [121], "summary": {"covered_lines": 1, "num_statements": 1, "percent_covered": 100.0, "percent_covered_display": "100", "missing_lines": 0, "excluded_lines": 0, "percent_statements_covered": 100.0, "percent_statements_covered_display": "100"}, "missing_lines": [], "excluded_lines": []}, "DateTimeTool.execute": {"executed_lines": [143, 145, 146, 147, 150, 153, 154, 155, 156, 157, 158, 159, 162, 163, 164, 167, 170, 173, 174, 177, 178, 179, 180, 182], "summary": {"covered_lines": 24, "num_statements": 27, "percent_covered": 88.88888888888889, "percent_covered_display": "89", "missing_lines": 3, "excluded_lines": 0, "percent_statements_covered": 88.88888888888889, "percent_statements_covered_display": "89"}, "missing_lines": [190, 191, 192], "excluded_lines": []}, "": {"executed_lines": [6, 12, 14, 16, 17, 19, 20, 21, 22, 24, 27, 28, 30, 31, 34, 35, 38, 39, 41, 42, 43, 44, 45, 48, 49, 54, 55, 59, 60, 64, 65, 69, 114, 130], "summary": {"covered_lines": 30, "num_statements": 30, "percent_covered": 100.0, "percent_covered_display": "100", "missing_lines": 0, "excluded_lines": 0, "percent_statements_covered": 100.0, "percent_statements_covered_display": "100"}, "missing_lines": [], "excluded_lines": []}}, "classes": {"DateTimeInput": {"executed_lines": [], "summary": {"covered_lines": 0, "num_statements": 0, "percent_covered": 100.0, "percent_covered_display": "100", "missing_lines": 0, "excluded_lines": 0, "percent_statements_covered": 100.0, "percent_statements_covered_display": "100"}, "missing_lines": [], "excluded_lines": []}, "DateTimeOutput": {"executed_lines": [], "summary": {"covered_lines": 0, "num_statements": 0, "percent_covered": 100.0, "percent_covered_display": "100", "missing_lines": 0, "excluded_lines": 0, "percent_statements_covered": 100.0, "percent_statements_covered_display": "100"}, "missing_lines": [], "excluded_lines": []}, "DateTimeTool": {"executed_lines": [83, 84, 87, 88, 91, 94, 97, 102, 121, 143, 145, 146, 147, 150, 153, 154, 155, 156, 157, 158, 159, 162, 163, 164, 167, 170, 173, 174, 177, 178, 179, 180, 182], "summary": {"covered_lines": 33, "num_statements": 43, "percent_covered": 76.74418604651163, "percent_covered_display": "77", "missing_lines": 10, "excluded_lines": 0, "percent_statements_covered": 76.74418604651163, "percent_statements_covered_display": "77"}, "missing_lines": [57, 62, 67, 92, 104, 105, 112, 190, 191, 192], "excluded_lines": []}, "": {"executed_lines": [6, 12, 14, 16, 17, 19, 20, 21, 22, 24, 27, 28, 30, 31, 34, 35, 38, 39, 41, 42, 43, 44, 45, 48, 49, 54, 55, 59, 60, 64, 65, 69, 114, 130], "summary": {"covered_lines": 30, "num_statements": 30, "percent_covered": 100.0, "percent_covered_display": "100", "missing_lines": 0, "excluded_lines": 0, "percent_statements_covered": 100.0, "percent_statements_covered_display": "100"}, "missing_lines": [], "excluded_lines": []}}}, "tools/time/formatter.py": {"executed_lines": [6, 11, 13, 14, 16, 17, 19, 20, 22, 25, 26, 28, 29, 30, 33, 34, 36, 37, 38, 41, 42, 47, 48, 52, 53, 57, 58, 62, 76, 77, 79, 82, 83, 84, 89, 103, 105, 108, 111, 114, 116, 122, 123], "summary": {"covered_lines": 39, "num_statements": 45, "percent_covered": 86.66666666666667, "percent_covered_display": "87", "missing_lines": 6, "excluded_lines": 0, "percent_statements_covered": 86.66666666666667, "percent_statements_covered_display": "87"}, "missing_lines": [50, 55, 60, 124, 125, 126], "excluded_lines": [], "functions": {"DateFormatter.name": {"executed_lines": [], "summary": {"covered_lines": 0, "num_statements": 1, "percent_covered": 0.0, "percent_covered_display": "0", "missing_lines": 1, "excluded_lines": 0, "percent_statements_covered": 0.0, "percent_statements_covered_display": "0"}, "missing_lines": [50], "excluded_lines": []}, "DateFormatter.description": {"executed_lines": [], "summary": {"covered_lines": 0, "num_statements": 1, "percent_covered": 0.0, "percent_covered_display": "0", "missing_lines": 1, "excluded_lines": 0, "percent_statements_covered": 0.0, "percent_statements_covered_display": "0"}, "missing_lines": [55], "excluded_lines": []}, "DateFormatter.version": {"executed_lines": [], "summary": {"covered_lines": 0, "num_statements": 1, "percent_covered": 0.0, "percent_covered_display": "0", "missing_lines": 1, "excluded_lines": 0, "percent_statements_covered": 0.0, "percent_statements_covered_display": "0"}, "missing_lines": [60], "excluded_lines": []}, "DateFormatter._parse_date": {"executed_lines": [76, 77, 79, 82, 83, 84], "summary": {"covered_lines": 6, "num_statements": 6, "percent_covered": 100.0, "percent_covered_display": "100", "missing_lines": 0, "excluded_lines": 0, "percent_statements_covered": 100.0, "percent_statements_covered_display": "100"}, "missing_lines": [], "excluded_lines": []}, "DateFormatter.execute": {"executed_lines": [103, 105, 108, 111, 114, 116, 122, 123], "summary": {"covered_lines": 8, "num_statements": 11, "percent_covered": 72.72727272727273, "percent_covered_display": "73", "missing_lines": 3, "excluded_lines": 0, "percent_statements_covered": 72.72727272727273, "percent_statements_covered_display": "73"}, "missing_lines": [124, 125, 126], "excluded_lines": []}, "": {"executed_lines": [6, 11, 13, 14, 16, 17, 19, 20, 22, 25, 26, 28, 29, 30, 33, 34, 36, 37, 38, 41, 42, 47, 48, 52, 53, 57, 58, 62, 89], "summary": {"covered_lines": 25, "num_statements": 25, "percent_covered": 100.0, "percent_covered_display": "100", "missing_lines": 0, "excluded_lines": 0, "percent_statements_covered": 100.0, "percent_statements_covered_display": "100"}, "missing_lines": [], "excluded_lines": []}}, "classes": {"FormatInput": {"executed_lines": [], "summary": {"covered_lines": 0, "num_statements": 0, "percent_covered": 100.0, "percent_covered_display": "100", "missing_lines": 0, "excluded_lines": 0, "percent_statements_covered": 100.0, "percent_statements_covered_display": "100"}, "missing_lines": [], "excluded_lines": []}, "FormatOutput": {"executed_lines": [], "summary": {"covered_lines": 0, "num_statements": 0, "percent_covered": 100.0, "percent_covered_display": "100", "missing_lines": 0, "excluded_lines": 0, "percent_statements_covered": 100.0, "percent_statements_covered_display": "100"}, "missing_lines": [], "excluded_lines": []}, "DateFormatter": {"executed_lines": [76, 77, 79, 82, 83, 84, 103, 105, 108, 111, 114, 116, 122, 123], "summary": {"covered_lines": 14, "num_statements": 20, "percent_covered": 70.0, "percent_covered_display": "70", "missing_lines": 6, "excluded_lines": 0, "percent_statements_covered": 70.0, "percent_statements_covered_display": "70"}, "missing_lines": [50, 55, 60, 124, 125, 126], "excluded_lines": []}, "": {"executed_lines": [6, 11, 13, 14, 16, 17, 19, 20, 22, 25, 26, 28, 29, 30, 33, 34, 36, 37, 38, 41, 42, 47, 48, 52, 53, 57, 58, 62, 89], "summary": {"covered_lines": 25, "num_statements": 25, "percent_covered": 100.0, "percent_covered_display": "100", "missing_lines": 0, "excluded_lines": 0, "percent_statements_covered": 100.0, "percent_statements_covered_display": "100"}, "missing_lines": [], "excluded_lines": []}}}, "tools/time/smart_time_service.py": {"executed_lines": [6, 16, 18, 19, 20, 21, 23, 25, 28, 29, 34, 52, 72, 81, 92, 95, 111], "summary": {"covered_lines": 15, "num_statements": 33, "percent_covered": 45.45454545454545, "percent_covered_display": "45", "missing_lines": 18, "excluded_lines": 0, "percent_statements_covered": 45.45454545454545, "percent_statements_covered_display": "45"}, "missing_lines": [41, 42, 43, 44, 46, 62, 63, 65, 66, 67, 68, 70, 79, 88, 104, 105, 107, 118], "excluded_lines": [], "functions": {"TimeService.__init__": {"executed_lines": [], "summary": {"covered_lines": 0, "num_statements": 5, "percent_covered": 0.0, "percent_covered_display": "0", "missing_lines": 5, "excluded_lines": 0, "percent_statements_covered": 0.0, "percent_statements_covered_display": "0"}, "missing_lines": [41, 42, 43, 44, 46], "excluded_lines": []}, "TimeService.now": {"executed_lines": [], "summary": {"covered_lines": 0, "num_statements": 7, "percent_covered": 0.0, "percent_covered_display": "0", "missing_lines": 7, "excluded_lines": 0, "percent_statements_covered": 0.0, "percent_statements_covered_display": "0"}, "missing_lines": [62, 63, 65, 66, 67, 68, 70], "excluded_lines": []}, "TimeService.now_datetime": {"executed_lines": [], "summary": {"covered_lines": 0, "num_statements": 1, "percent_covered": 0.0, "percent_covered_display": "0", "missing_lines": 1, "excluded_lines": 0, "percent_statements_covered": 0.0, "percent_statements_covered_display": "0"}, "missing_lines": [79], "excluded_lines": []}, "TimeService.now_utc_datetime": {"executed_lines": [], "summary": {"covered_lines": 0, "num_statements": 1, "percent_covered": 0.0, "percent_covered_display": "0", "missing_lines": 1, "excluded_lines": 0, "percent_statements_covered": 0.0, "percent_statements_covered_display": "0"}, "missing_lines": [88], "excluded_lines": []}, "get_time_service": {"executed_lines": [], "summary": {"covered_lines": 0, "num_statements": 3, "percent_covered": 0.0, "percent_covered_display": "0", "missing_lines": 3, "excluded_lines": 0, "percent_statements_covered": 0.0, "percent_statements_covered_display": "0"}, "missing_lines": [104, 105, 107], "excluded_lines": []}, "get_smart_time_service": {"executed_lines": [], "summary": {"covered_lines": 0, "num_statements": 1, "percent_covered": 0.0, "percent_covered_display": "0", "missing_lines": 1, "excluded_lines": 0, "percent_statements_covered": 0.0, "percent_statements_covered_display": "0"}, "missing_lines": [118], "excluded_lines": []}, "": {"executed_lines": [6, 16, 18, 19, 20, 21, 23, 25, 28, 29, 34, 52, 72, 81, 92, 95, 111], "summary": {"covered_lines": 15, "num_statements": 15, "percent_covered": 100.0, "percent_covered_display": "100", "missing_lines": 0, "excluded_lines": 0, "percent_statements_covered": 100.0, "percent_statements_covered_display": "100"}, "missing_lines": [], "excluded_lines": []}}, "classes": {"TimeService": {"executed_lines": [], "summary": {"covered_lines": 0, "num_statements": 14, "percent_covered": 0.0, "percent_covered_display": "0", "missing_lines": 14, "excluded_lines": 0, "percent_statements_covered": 0.0, "percent_statements_covered_display": "0"}, "missing_lines": [41, 42, 43, 44, 46, 62, 63, 65, 66, 67, 68, 70, 79, 88], "excluded_lines": []}, "": {"executed_lines": [6, 16, 18, 19, 20, 21, 23, 25, 28, 29, 34, 52, 72, 81, 92, 95, 111], "summary": {"covered_lines": 15, "num_statements": 19, "percent_covered": 78.94736842105263, "percent_covered_display": "79", "missing_lines": 4, "excluded_lines": 0, "percent_statements_covered": 78.94736842105263, "percent_statements_covered_display": "79"}, "missing_lines": [104, 105, 107, 118], "excluded_lines": []}}}, "tools/utils/__init__.py": {"executed_lines": [6, 8, 15], "summary": {"covered_lines": 2, "num_statements": 2, "percent_covered": 100.0, "percent_covered_display": "100", "missing_lines": 0, "excluded_lines": 0, "percent_statements_covered": 100.0, "percent_statements_covered_display": "100"}, "missing_lines": [], "excluded_lines": [], "functions": {"": {"executed_lines": [6, 8, 15], "summary": {"covered_lines": 2, "num_statements": 2, "percent_covered": 100.0, "percent_covered_display": "100", "missing_lines": 0, "excluded_lines": 0, "percent_statements_covered": 100.0, "percent_statements_covered_display": "100"}, "missing_lines": [], "excluded_lines": []}}, "classes": {"": {"executed_lines": [6, 8, 15], "summary": {"covered_lines": 2, "num_statements": 2, "percent_covered": 100.0, "percent_covered_display": "100", "missing_lines": 0, "excluded_lines": 0, "percent_statements_covered": 100.0, "percent_statements_covered_display": "100"}, "missing_lines": [], "excluded_lines": []}}}, "tools/utils/cache.py": {"executed_lines": [6, 11, 13, 14, 15, 16, 18, 20, 23, 24, 26, 30, 51, 65, 75, 80, 92, 93, 94, 95, 99, 102], "summary": {"covered_lines": 20, "num_statements": 35, "percent_covered": 57.142857142857146, "percent_covered_display": "57", "missing_lines": 15, "excluded_lines": 0, "percent_statements_covered": 57.142857142857146, "percent_statements_covered_display": "57"}, "missing_lines": [28, 40, 41, 43, 44, 45, 48, 49, 60, 72, 73, 77, 110, 111, 112], "excluded_lines": [], "functions": {"Cache.__init__": {"executed_lines": [], "summary": {"covered_lines": 0, "num_statements": 1, "percent_covered": 0.0, "percent_covered_display": "0", "missing_lines": 1, "excluded_lines": 0, "percent_statements_covered": 0.0, "percent_statements_covered_display": "0"}, "missing_lines": [28], "excluded_lines": []}, "Cache.get": {"executed_lines": [], "summary": {"covered_lines": 0, "num_statements": 7, "percent_covered": 0.0, "percent_covered_display": "0", "missing_lines": 7, "excluded_lines": 0, "percent_statements_covered": 0.0, "percent_statements_covered_display": "0"}, "missing_lines": [40, 41, 43, 44, 45, 48, 49], "excluded_lines": []}, "Cache.set": {"executed_lines": [], "summary": {"covered_lines": 0, "num_statements": 1, "percent_covered": 0.0, "percent_covered_display": "0", "missing_lines": 1, "excluded_lines": 0, "percent_statements_covered": 0.0, "percent_statements_covered_display": "0"}, "missing_lines": [60], "excluded_lines": []}, "Cache.delete": {"executed_lines": [], "summary": {"covered_lines": 0, "num_statements": 2, "percent_covered": 0.0, "percent_covered_display": "0", "missing_lines": 2, "excluded_lines": 0, "percent_statements_covered": 0.0, "percent_statements_covered_display": "0"}, "missing_lines": [72, 73], "excluded_lines": []}, "Cache.clear": {"executed_lines": [], "summary": {"covered_lines": 0, "num_statements": 1, "percent_covered": 0.0, "percent_covered_display": "0", "missing_lines": 1, "excluded_lines": 0, "percent_statements_covered": 0.0, "percent_statements_covered_display": "0"}, "missing_lines": [77], "excluded_lines": []}, "generate_cache_key": {"executed_lines": [92, 93, 94, 95], "summary": {"covered_lines": 4, "num_statements": 4, "percent_covered": 100.0, "percent_covered_display": "100", "missing_lines": 0, "excluded_lines": 0, "percent_statements_covered": 100.0, "percent_statements_covered_display": "100"}, "missing_lines": [], "excluded_lines": []}, "get_cache": {"executed_lines": [], "summary": {"covered_lines": 0, "num_statements": 3, "percent_covered": 0.0, "percent_covered_display": "0", "missing_lines": 3, "excluded_lines": 0, "percent_statements_covered": 0.0, "percent_statements_covered_display": "0"}, "missing_lines": [110, 111, 112], "excluded_lines": []}, "": {"executed_lines": [6, 11, 13, 14, 15, 16, 18, 20, 23, 24, 26, 30, 51, 65, 75, 80, 99, 102], "summary": {"covered_lines": 16, "num_statements": 16, "percent_covered": 100.0, "percent_covered_display": "100", "missing_lines": 0, "excluded_lines": 0, "percent_statements_covered": 100.0, "percent_statements_covered_display": "100"}, "missing_lines": [], "excluded_lines": []}}, "classes": {"Cache": {"executed_lines": [], "summary": {"covered_lines": 0, "num_statements": 12, "percent_covered": 0.0, "percent_covered_display": "0", "missing_lines": 12, "excluded_lines": 0, "percent_statements_covered": 0.0, "percent_statements_covered_display": "0"}, "missing_lines": [28, 40, 41, 43, 44, 45, 48, 49, 60, 72, 73, 77], "excluded_lines": []}, "": {"executed_lines": [6, 11, 13, 14, 15, 16, 18, 20, 23, 24, 26, 30, 51, 65, 75, 80, 92, 93, 94, 95, 99, 102], "summary": {"covered_lines": 20, "num_statements": 23, "percent_covered": 86.95652173913044, "percent_covered_display": "87", "missing_lines": 3, "excluded_lines": 0, "percent_statements_covered": 86.95652173913044, "percent_statements_covered_display": "87"}, "missing_lines": [110, 111, 112], "excluded_lines": []}}}, "tools/utils/errors.py": {"executed_lines": [6, 11, 13, 16, 17, 19, 22, 23, 25, 33, 34, 35, 38, 39, 41, 49, 50, 51, 54, 55, 57, 64, 65, 68, 69, 71, 79, 80, 81], "summary": {"covered_lines": 23, "num_statements": 23, "percent_covered": 100.0, "percent_covered_display": "100", "missing_lines": 0, "excluded_lines": 0, "percent_statements_covered": 100.0, "percent_statements_covered_display": "100"}, "missing_lines": [], "excluded_lines": [], "functions": {"ToolExecutionError.__init__": {"executed_lines": [33, 34, 35], "summary": {"covered_lines": 3, "num_statements": 3, "percent_covered": 100.0, "percent_covered_display": "100", "missing_lines": 0, "excluded_lines": 0, "percent_statements_covered": 100.0, "percent_statements_covered_display": "100"}, "missing_lines": [], "excluded_lines": []}, "ToolValidationError.__init__": {"executed_lines": [49, 50, 51], "summary": {"covered_lines": 3, "num_statements": 3, "percent_covered": 100.0, "percent_covered_display": "100", "missing_lines": 0, "excluded_lines": 0, "percent_statements_covered": 100.0, "percent_statements_covered_display": "100"}, "missing_lines": [], "excluded_lines": []}, "ToolNotFoundError.__init__": {"executed_lines": [64, 65], "summary": {"covered_lines": 2, "num_statements": 2, "percent_covered": 100.0, "percent_covered_display": "100", "missing_lines": 0, "excluded_lines": 0, "percent_statements_covered": 100.0, "percent_statements_covered_display": "100"}, "missing_lines": [], "excluded_lines": []}, "ToolConfigurationError.__init__": {"executed_lines": [79, 80, 81], "summary": {"covered_lines": 3, "num_statements": 3, "percent_covered": 100.0, "percent_covered_display": "100", "missing_lines": 0, "excluded_lines": 0, "percent_statements_covered": 100.0, "percent_statements_covered_display": "100"}, "missing_lines": [], "excluded_lines": []}, "": {"executed_lines": [6, 11, 13, 16, 17, 19, 22, 23, 25, 38, 39, 41, 54, 55, 57, 68, 69, 71], "summary": {"covered_lines": 12, "num_statements": 12, "percent_covered": 100.0, "percent_covered_display": "100", "missing_lines": 0, "excluded_lines": 0, "percent_statements_covered": 100.0, "percent_statements_covered_display": "100"}, "missing_lines": [], "excluded_lines": []}}, "classes": {"ToolError": {"executed_lines": [], "summary": {"covered_lines": 0, "num_statements": 0, "percent_covered": 100.0, "percent_covered_display": "100", "missing_lines": 0, "excluded_lines": 0, "percent_statements_covered": 100.0, "percent_statements_covered_display": "100"}, "missing_lines": [], "excluded_lines": []}, "ToolExecutionError": {"executed_lines": [33, 34, 35], "summary": {"covered_lines": 3, "num_statements": 3, "percent_covered": 100.0, "percent_covered_display": "100", "missing_lines": 0, "excluded_lines": 0, "percent_statements_covered": 100.0, "percent_statements_covered_display": "100"}, "missing_lines": [], "excluded_lines": []}, "ToolValidationError": {"executed_lines": [49, 50, 51], "summary": {"covered_lines": 3, "num_statements": 3, "percent_covered": 100.0, "percent_covered_display": "100", "missing_lines": 0, "excluded_lines": 0, "percent_statements_covered": 100.0, "percent_statements_covered_display": "100"}, "missing_lines": [], "excluded_lines": []}, "ToolNotFoundError": {"executed_lines": [64, 65], "summary": {"covered_lines": 2, "num_statements": 2, "percent_covered": 100.0, "percent_covered_display": "100", "missing_lines": 0, "excluded_lines": 0, "percent_statements_covered": 100.0, "percent_statements_covered_display": "100"}, "missing_lines": [], "excluded_lines": []}, "ToolConfigurationError": {"executed_lines": [79, 80, 81], "summary": {"covered_lines": 3, "num_statements": 3, "percent_covered": 100.0, "percent_covered_display": "100", "missing_lines": 0, "excluded_lines": 0, "percent_statements_covered": 100.0, "percent_statements_covered_display": "100"}, "missing_lines": [], "excluded_lines": []}, "": {"executed_lines": [6, 11, 13, 16, 17, 19, 22, 23, 25, 38, 39, 41, 54, 55, 57, 68, 69, 71], "summary": {"covered_lines": 12, "num_statements": 12, "percent_covered": 100.0, "percent_covered_display": "100", "missing_lines": 0, "excluded_lines": 0, "percent_statements_covered": 100.0, "percent_statements_covered_display": "100"}, "missing_lines": [], "excluded_lines": []}}}, "tools/utils/validator.py": {"executed_lines": [6, 11, 13, 16, 26, 28, 29, 30, 31, 32, 35, 45, 48, 58, 61, 72, 75, 89, 91, 94], "summary": {"covered_lines": 19, "num_statements": 23, "percent_covered": 82.6086956521739, "percent_covered_display": "83", "missing_lines": 4, "excluded_lines": 0, "percent_statements_covered": 82.6086956521739, "percent_statements_covered_display": "83"}, "missing_lines": [90, 108, 109, 110], "excluded_lines": [], "functions": {"validate_ip_address": {"executed_lines": [26, 28, 29, 30, 31, 32], "summary": {"covered_lines": 6, "num_statements": 6, "percent_covered": 100.0, "percent_covered_display": "100", "missing_lines": 0, "excluded_lines": 0, "percent_statements_covered": 100.0, "percent_statements_covered_display": "100"}, "missing_lines": [], "excluded_lines": []}, "validate_latitude": {"executed_lines": [45], "summary": {"covered_lines": 1, "num_statements": 1, "percent_covered": 100.0, "percent_covered_display": "100", "missing_lines": 0, "excluded_lines": 0, "percent_statements_covered": 100.0, "percent_statements_covered_display": "100"}, "missing_lines": [], "excluded_lines": []}, "validate_longitude": {"executed_lines": [58], "summary": {"covered_lines": 1, "num_statements": 1, "percent_covered": 100.0, "percent_covered_display": "100", "missing_lines": 0, "excluded_lines": 0, "percent_statements_covered": 100.0, "percent_statements_covered_display": "100"}, "missing_lines": [], "excluded_lines": []}, "validate_coordinates": {"executed_lines": [72], "summary": {"covered_lines": 1, "num_statements": 1, "percent_covered": 100.0, "percent_covered_display": "100", "missing_lines": 0, "excluded_lines": 0, "percent_statements_covered": 100.0, "percent_statements_covered_display": "100"}, "missing_lines": [], "excluded_lines": []}, "validate_non_empty_string": {"executed_lines": [89, 91], "summary": {"covered_lines": 2, "num_statements": 3, "percent_covered": 66.66666666666667, "percent_covered_display": "67", "missing_lines": 1, "excluded_lines": 0, "percent_statements_covered": 66.66666666666667, "percent_statements_covered_display": "67"}, "missing_lines": [90], "excluded_lines": []}, "validate_positive_number": {"executed_lines": [], "summary": {"covered_lines": 0, "num_statements": 3, "percent_covered": 0.0, "percent_covered_display": "0", "missing_lines": 3, "excluded_lines": 0, "percent_statements_covered": 0.0, "percent_statements_covered_display": "0"}, "missing_lines": [108, 109, 110], "excluded_lines": []}, "": {"executed_lines": [6, 11, 13, 16, 35, 48, 61, 75, 94], "summary": {"covered_lines": 8, "num_statements": 8, "percent_covered": 100.0, "percent_covered_display": "100", "missing_lines": 0, "excluded_lines": 0, "percent_statements_covered": 100.0, "percent_statements_covered_display": "100"}, "missing_lines": [], "excluded_lines": []}}, "classes": {"": {"executed_lines": [6, 11, 13, 16, 26, 28, 29, 30, 31, 32, 35, 45, 48, 58, 61, 72, 75, 89, 91, 94], "summary": {"covered_lines": 19, "num_statements": 23, "percent_covered": 82.6086956521739, "percent_covered_display": "83", "missing_lines": 4, "excluded_lines": 0, "percent_statements_covered": 82.6086956521739, "percent_statements_covered_display": "83"}, "missing_lines": [90, 108, 109, 110], "excluded_lines": []}}}, "tools/weather/__init__.py": {"executed_lines": [6, 11, 18, 23], "summary": {"covered_lines": 3, "num_statements": 3, "percent_covered": 100.0, "percent_covered_display": "100", "missing_lines": 0, "excluded_lines": 0, "percent_statements_covered": 100.0, "percent_statements_covered_display": "100"}, "missing_lines": [], "excluded_lines": [], "functions": {"": {"executed_lines": [6, 11, 18, 23], "summary": {"covered_lines": 3, "num_statements": 3, "percent_covered": 100.0, "percent_covered_display": "100", "missing_lines": 0, "excluded_lines": 0, "percent_statements_covered": 100.0, "percent_statements_covered_display": "100"}, "missing_lines": [], "excluded_lines": []}}, "classes": {"": {"executed_lines": [6, 11, 18, 23], "summary": {"covered_lines": 3, "num_statements": 3, "percent_covered": 100.0, "percent_covered_display": "100", "missing_lines": 0, "excluded_lines": 0, "percent_statements_covered": 100.0, "percent_statements_covered_display": "100"}, "missing_lines": [], "excluded_lines": []}}}, "tools/weather/providers/__init__.py": {"executed_lines": [6, 8, 10, 11], "summary": {"covered_lines": 3, "num_statements": 3, "percent_covered": 100.0, "percent_covered_display": "100", "missing_lines": 0, "excluded_lines": 0, "percent_statements_covered": 100.0, "percent_statements_covered_display": "100"}, "missing_lines": [], "excluded_lines": [], "functions": {"": {"executed_lines": [6, 8, 10, 11], "summary": {"covered_lines": 3, "num_statements": 3, "percent_covered": 100.0, "percent_covered_display": "100", "missing_lines": 0, "excluded_lines": 0, "percent_statements_covered": 100.0, "percent_statements_covered_display": "100"}, "missing_lines": [], "excluded_lines": []}}, "classes": {"": {"executed_lines": [6, 8, 10, 11], "summary": {"covered_lines": 3, "num_statements": 3, "percent_covered": 100.0, "percent_covered_display": "100", "missing_lines": 0, "excluded_lines": 0, "percent_statements_covered": 100.0, "percent_statements_covered_display": "100"}, "missing_lines": [], "excluded_lines": []}}}, "tools/weather/providers/base.py": {"executed_lines": [6, 11, 13, 14, 16, 19, 20, 22, 23, 24, 25, 26, 27, 28, 29, 30, 31, 32, 33, 34, 37, 38, 40, 41], "summary": {"covered_lines": 21, "num_statements": 22, "percent_covered": 95.45454545454545, "percent_covered_display": "95", "missing_lines": 1, "excluded_lines": 0, "percent_statements_covered": 95.45454545454545, "percent_statements_covered_display": "95"}, "missing_lines": [63], "excluded_lines": [], "functions": {"WeatherProvider.get_current_weather": {"executed_lines": [], "summary": {"covered_lines": 0, "num_statements": 1, "percent_covered": 0.0, "percent_covered_display": "0", "missing_lines": 1, "excluded_lines": 0, "percent_statements_covered": 0.0, "percent_statements_covered_display": "0"}, "missing_lines": [63], "excluded_lines": []}, "": {"executed_lines": [6, 11, 13, 14, 16, 19, 20, 22, 23, 24, 25, 26, 27, 28, 29, 30, 31, 32, 33, 34, 37, 38, 40, 41], "summary": {"covered_lines": 21, "num_statements": 21, "percent_covered": 100.0, "percent_covered_display": "100", "missing_lines": 0, "excluded_lines": 0, "percent_statements_covered": 100.0, "percent_statements_covered_display": "100"}, "missing_lines": [], "excluded_lines": []}}, "classes": {"WeatherData": {"executed_lines": [], "summary": {"covered_lines": 0, "num_statements": 0, "percent_covered": 100.0, "percent_covered_display": "100", "missing_lines": 0, "excluded_lines": 0, "percent_statements_covered": 100.0, "percent_statements_covered_display": "100"}, "missing_lines": [], "excluded_lines": []}, "WeatherProvider": {"executed_lines": [], "summary": {"covered_lines": 0, "num_statements": 1, "percent_covered": 0.0, "percent_covered_display": "0", "missing_lines": 1, "excluded_lines": 0, "percent_statements_covered": 0.0, "percent_statements_covered_display": "0"}, "missing_lines": [63], "excluded_lines": []}, "": {"executed_lines": [6, 11, 13, 14, 16, 19, 20, 22, 23, 24, 25, 26, 27, 28, 29, 30, 31, 32, 33, 34, 37, 38, 40, 41], "summary": {"covered_lines": 21, "num_statements": 21, "percent_covered": 100.0, "percent_covered_display": "100", "missing_lines": 0, "excluded_lines": 0, "percent_statements_covered": 100.0, "percent_statements_covered_display": "100"}, "missing_lines": [], "excluded_lines": []}}}, "tools/weather/providers/openweathermap.py": {"executed_lines": [6, 8, 10, 11, 13, 14, 16, 17, 19, 22, 23, 25, 27, 34, 35, 36, 41, 63, 65, 70, 71, 72, 73, 74, 82, 83, 84, 85, 88, 90, 91, 92, 103, 114, 115, 116, 117, 119], "summary": {"covered_lines": 36, "num_statements": 40, "percent_covered": 90.0, "percent_covered_display": "90", "missing_lines": 4, "excluded_lines": 0, "percent_statements_covered": 90.0, "percent_statements_covered_display": "90"}, "missing_lines": [76, 96, 97, 98], "excluded_lines": [], "functions": {"OpenWeatherMapProvider.__init__": {"executed_lines": [34, 35, 36], "summary": {"covered_lines": 3, "num_statements": 3, "percent_covered": 100.0, "percent_covered_display": "100", "missing_lines": 0, "excluded_lines": 0, "percent_statements_covered": 100.0, "percent_statements_covered_display": "100"}, "missing_lines": [], "excluded_lines": []}, "OpenWeatherMapProvider.get_current_weather": {"executed_lines": [63, 65, 70, 71, 72, 73, 74, 82, 83, 84, 85, 88, 90, 91, 92], "summary": {"covered_lines": 15, "num_statements": 19, "percent_covered": 78.94736842105263, "percent_covered_display": "79", "missing_lines": 4, "excluded_lines": 0, "percent_statements_covered": 78.94736842105263, "percent_statements_covered_display": "79"}, "missing_lines": [76, 96, 97, 98], "excluded_lines": []}, "OpenWeatherMapProvider._parse_response": {"executed_lines": [114, 115, 116, 117, 119], "summary": {"covered_lines": 5, "num_statements": 5, "percent_covered": 100.0, "percent_covered_display": "100", "missing_lines": 0, "excluded_lines": 0, "percent_statements_covered": 100.0, "percent_statements_covered_display": "100"}, "missing_lines": [], "excluded_lines": []}, "": {"executed_lines": [6, 8, 10, 11, 13, 14, 16, 17, 19, 22, 23, 25, 27, 41, 103], "summary": {"covered_lines": 13, "num_statements": 13, "percent_covered": 100.0, "percent_covered_display": "100", "missing_lines": 0, "excluded_lines": 0, "percent_statements_covered": 100.0, "percent_statements_covered_display": "100"}, "missing_lines": [], "excluded_lines": []}}, "classes": {"OpenWeatherMapProvider": {"executed_lines": [34, 35, 36, 63, 65, 70, 71, 72, 73, 74, 82, 83, 84, 85, 88, 90, 91, 92, 114, 115, 116, 117, 119], "summary": {"covered_lines": 23, "num_statements": 27, "percent_covered": 85.18518518518519, "percent_covered_display": "85", "missing_lines": 4, "excluded_lines": 0, "percent_statements_covered": 85.18518518518519, "percent_statements_covered_display": "85"}, "missing_lines": [76, 96, 97, 98], "excluded_lines": []}, "": {"executed_lines": [6, 8, 10, 11, 13, 14, 16, 17, 19, 22, 23, 25, 27, 41, 103], "summary": {"covered_lines": 13, "num_statements": 13, "percent_covered": 100.0, "percent_covered_display": "100", "missing_lines": 0, "excluded_lines": 0, "percent_statements_covered": 100.0, "percent_statements_covered_display": "100"}, "missing_lines": [], "excluded_lines": []}}}, "tools/weather/weather_tool.py": {"executed_lines": [6, 11, 13, 15, 17, 18, 19, 20, 21, 23, 26, 29, 30, 32, 33, 34, 35, 36, 39, 40, 42, 43, 44, 45, 46, 47, 48, 49, 50, 51, 52, 53, 54, 57, 58, 63, 73, 88, 89, 91, 93, 94, 98, 99, 103, 114, 115, 118, 119, 122, 123, 124, 130, 131, 133, 147, 149, 152, 162, 163, 164, 165, 166, 169, 177, 194, 196, 198, 199, 200, 201, 202], "summary": {"covered_lines": 68, "num_statements": 75, "percent_covered": 90.66666666666667, "percent_covered_display": "91", "missing_lines": 7, "excluded_lines": 0, "percent_statements_covered": 90.66666666666667, "percent_statements_covered_display": "91"}, "missing_lines": [70, 71, 80, 81, 83, 96, 101], "excluded_lines": [], "functions": {"WeatherTool.__init__": {"executed_lines": [], "summary": {"covered_lines": 0, "num_statements": 2, "percent_covered": 0.0, "percent_covered_display": "0", "missing_lines": 2, "excluded_lines": 0, "percent_statements_covered": 0.0, "percent_statements_covered_display": "0"}, "missing_lines": [70, 71], "excluded_lines": []}, "WeatherTool._create_provider": {"executed_lines": [], "summary": {"covered_lines": 0, "num_statements": 3, "percent_covered": 0.0, "percent_covered_display": "0", "missing_lines": 3, "excluded_lines": 0, "percent_statements_covered": 0.0, "percent_statements_covered_display": "0"}, "missing_lines": [80, 81, 83], "excluded_lines": []}, "WeatherTool.name": {"executed_lines": [91], "summary": {"covered_lines": 1, "num_statements": 1, "percent_covered": 100.0, "percent_covered_display": "100", "missing_lines": 0, "excluded_lines": 0, "percent_statements_covered": 100.0, "percent_statements_covered_display": "100"}, "missing_lines": [], "excluded_lines": []}, "WeatherTool.description": {"executed_lines": [], "summary": {"covered_lines": 0, "num_statements": 1, "percent_covered": 0.0, "percent_covered_display": "0", "missing_lines": 1, "excluded_lines": 0, "percent_statements_covered": 0.0, "percent_statements_covered_display": "0"}, "missing_lines": [96], "excluded_lines": []}, "WeatherTool.version": {"executed_lines": [], "summary": {"covered_lines": 0, "num_statements": 1, "percent_covered": 0.0, "percent_covered_display": "0", "missing_lines": 1, "excluded_lines": 0, "percent_statements_covered": 0.0, "percent_statements_covered_display": "0"}, "missing_lines": [101], "excluded_lines": []}, "WeatherTool._validate_input": {"executed_lines": [114, 115, 118, 119, 122, 123, 124, 130, 131], "summary": {"covered_lines": 9, "num_statements": 9, "percent_covered": 100.0, "percent_covered_display": "100", "missing_lines": 0, "excluded_lines": 0, "percent_statements_covered": 100.0, "percent_statements_covered_display": "100"}, "missing_lines": [], "excluded_lines": []}, "WeatherTool.execute": {"executed_lines": [147, 149, 152, 162, 163, 164, 165, 166, 169, 177, 194, 196, 198, 199, 200, 201, 202], "summary": {"covered_lines": 17, "num_statements": 17, "percent_covered": 100.0, "percent_covered_display": "100", "missing_lines": 0, "excluded_lines": 0, "percent_statements_covered": 100.0, "percent_statements_covered_display": "100"}, "missing_lines": [], "excluded_lines": []}, "": {"executed_lines": [6, 11, 13, 15, 17, 18, 19, 20, 21, 23, 26, 29, 30, 32, 33, 34, 35, 36, 39, 40, 42, 43, 44, 45, 46, 47, 48, 49, 50, 51, 52, 53, 54, 57, 58, 63, 73, 88, 89, 93, 94, 98, 99, 103, 133], "summary": {"covered_lines": 41, "num_statements": 41, "percent_covered": 100.0, "percent_covered_display": "100", "missing_lines": 0, "excluded_lines": 0, "percent_statements_covered": 100.0, "percent_statements_covered_display": "100"}, "missing_lines": [], "excluded_lines": []}}, "classes": {"WeatherInput": {"executed_lines": [], "summary": {"covered_lines": 0, "num_statements": 0, "percent_covered": 100.0, "percent_covered_display": "100", "missing_lines": 0, "excluded_lines": 0, "percent_statements_covered": 100.0, "percent_statements_covered_display": "100"}, "missing_lines": [], "excluded_lines": []}, "WeatherOutput": {"executed_lines": [], "summary": {"covered_lines": 0, "num_statements": 0, "percent_covered": 100.0, "percent_covered_display": "100", "missing_lines": 0, "excluded_lines": 0, "percent_statements_covered": 100.0, "percent_statements_covered_display": "100"}, "missing_lines": [], "excluded_lines": []}, "WeatherTool": {"executed_lines": [91, 114, 115, 118, 119, 122, 123, 124, 130, 131, 147, 149, 152, 162, 163, 164, 165, 166, 169, 177, 194, 196, 198, 199, 200, 201, 202], "summary": {"covered_lines": 27, "num_statements": 34, "percent_covered": 79.41176470588235, "percent_covered_display": "79", "missing_lines": 7, "excluded_lines": 0, "percent_statements_covered": 79.41176470588235, "percent_statements_covered_display": "79"}, "missing_lines": [70, 71, 80, 81, 83, 96, 101], "excluded_lines": []}, "": {"executed_lines": [6, 11, 13, 15, 17, 18, 19, 20, 21, 23, 26, 29, 30, 32, 33, 34, 35, 36, 39, 40, 42, 43, 44, 45, 46, 47, 48, 49, 50, 51, 52, 53, 54, 57, 58, 63, 73, 88, 89, 93, 94, 98, 99, 103, 133], "summary": {"covered_lines": 41, "num_statements": 41, "percent_covered": 100.0, "percent_covered_display": "100", "missing_lines": 0, "excluded_lines": 0, "percent_statements_covered": 100.0, "percent_statements_covered_display": "100"}, "missing_lines": [], "excluded_lines": []}}}}, "totals": {"covered_lines": 713, "num_statements": 833, "percent_covered": 85.59423769507804, "percent_covered_display": "86", "missing_lines": 120, "excluded_lines": 0, "percent_statements_covered": 85.59423769507804, "percent_statements_covered_display": "86"}}
